TN:
SF:index.js
FN:57,analyzeWithAI
FN:59,(anonymous_1)
FN:111,truncateToLines
FN:120,getSurroundingLines
FN:128,(anonymous_4)
FN:140,(anonymous_5)
FN:140,(anonymous_6)
FN:157,getFileContent
FN:203,getChangedLineNumbers
FN:235,processFileDiff
FN:310,(anonymous_10)
FN:333,(anonymous_11)
FN:369,processWhatCommand
FN:380,(anonymous_13)
FN:390,(anonymous_14)
FN:429,processReviewCommand
FN:446,(anonymous_16)
FN:454,(anonymous_17)
FN:490,(anonymous_18)
FN:492,(anonymous_19)
FN:499,(anonymous_20)
FN:500,(anonymous_21)
FN:501,(anonymous_22)
FN:524,(anonymous_23)
FN:574,(anonymous_24)
FN:580,(anonymous_25)
FN:587,(anonymous_26)
FNF:27
FNH:19
FNDA:3,analyzeWithAI
FNDA:0,(anonymous_1)
FNDA:7,truncateToLines
FNDA:4,getSurroundingLines
FNDA:2,(anonymous_4)
FNDA:9,(anonymous_5)
FNDA:11,(anonymous_6)
FNDA:7,getFileContent
FNDA:2,getChangedLineNumbers
FNDA:6,processFileDiff
FNDA:0,(anonymous_10)
FNDA:0,(anonymous_11)
FNDA:1,processWhatCommand
FNDA:0,(anonymous_13)
FNDA:1,(anonymous_14)
FNDA:1,processReviewCommand
FNDA:4,(anonymous_16)
FNDA:2,(anonymous_17)
FNDA:2,(anonymous_18)
FNDA:2,(anonymous_19)
FNDA:2,(anonymous_20)
FNDA:2,(anonymous_21)
FNDA:2,(anonymous_22)
FNDA:0,(anonymous_23)
FNDA:0,(anonymous_24)
FNDA:0,(anonymous_25)
FNDA:0,(anonymous_26)
DA:2,2
DA:3,2
DA:4,2
DA:5,2
DA:6,2
DA:9,2
DA:10,2
DA:11,2
DA:12,2
DA:13,2
DA:14,2
DA:17,2
DA:26,2
DA:27,12
DA:28,0
DA:29,0
DA:34,2
DA:37,2
DA:43,2
DA:46,2
DA:52,2
DA:58,3
DA:59,3
DA:61,3
DA:63,3
DA:64,2
DA:66,2
DA:73,2
DA:79,2
DA:88,2
DA:97,2
DA:98,2
DA:100,1
DA:101,1
DA:102,0
DA:103,0
DA:105,1
DA:106,1
DA:112,7
DA:113,7
DA:114,6
DA:115,0
DA:121,4
DA:123,4
DA:124,4
DA:125,4
DA:128,4
DA:129,2
DA:130,2
DA:131,2
DA:132,11
DA:137,4
DA:138,4
DA:140,9
DA:142,11
DA:143,0
DA:146,11
DA:147,11
DA:148,11
DA:149,11
DA:150,11
DA:153,4
DA:158,7
DA:160,7
DA:161,7
DA:172,7
DA:173,0
DA:174,0
DA:175,0
DA:178,7
DA:181,7
DA:182,1
DA:183,1
DA:184,1
DA:185,1
DA:187,1
DA:188,1
DA:191,7
DA:193,0
DA:194,0
DA:195,0
DA:197,0
DA:198,0
DA:204,2
DA:206,2
DA:207,2
DA:208,2
DA:210,2
DA:211,8
DA:213,1
DA:214,1
DA:215,1
DA:217,1
DA:221,7
DA:222,1
DA:226,7
DA:227,6
DA:231,2
DA:236,6
DA:237,6
DA:249,6
DA:251,6
DA:252,1
DA:253,1
DA:257,5
DA:258,5
DA:263,5
DA:265,2
DA:266,2
DA:269,3
DA:271,1
DA:276,1
DA:279,2
DA:281,2
DA:282,2
DA:283,2
DA:285,2
DA:294,5
DA:295,5
DA:298,5
DA:299,5
DA:302,0
DA:303,0
DA:304,0
DA:305,0
DA:310,2
DA:311,0
DA:312,0
DA:315,0
DA:316,0
DA:320,0
DA:321,0
DA:324,0
DA:325,0
DA:326,0
DA:329,0
DA:333,0
DA:336,0
DA:338,0
DA:345,0
DA:352,0
DA:353,0
DA:354,0
DA:355,0
DA:358,0
DA:359,0
DA:370,1
DA:372,1
DA:381,0
DA:382,0
DA:386,1
DA:390,1
DA:397,1
DA:405,1
DA:407,1
DA:409,0
DA:418,0
DA:419,0
DA:430,1
DA:433,1
DA:435,1
DA:441,1
DA:443,1
DA:446,1
DA:447,4
DA:448,3
DA:451,1
DA:454,1
DA:455,2
DA:456,2
DA:457,2
DA:458,2
DA:459,2
DA:460,0
DA:463,2
DA:475,2
DA:477,2
DA:484,0
DA:485,0
DA:490,1
DA:491,2
DA:492,2
DA:494,1
DA:496,1
DA:499,2
DA:500,2
DA:501,2
DA:502,1
DA:505,1
DA:511,1
DA:512,1
DA:513,1
DA:514,2
DA:516,0
DA:517,0
DA:521,1
DA:522,0
DA:524,0
DA:529,1
DA:536,1
DA:544,0
DA:545,0
DA:546,0
DA:547,0
DA:552,0
DA:553,0
DA:560,0
DA:568,0
DA:574,2
DA:575,0
DA:576,0
DA:580,2
DA:581,0
DA:585,2
DA:586,0
DA:587,0
DA:588,0
DA:593,2
LF:218
LH:154
BRDA:27,0,0,0
BRDA:27,0,1,12
BRDA:57,1,0,1
BRDA:64,2,0,2
BRDA:64,2,1,0
BRDA:80,3,0,2
BRDA:80,3,1,0
BRDA:101,4,0,0
BRDA:101,4,1,1
BRDA:112,5,0,0
BRDA:112,5,1,7
BRDA:114,6,0,6
BRDA:114,6,1,0
BRDA:120,7,0,0
BRDA:121,8,0,0
BRDA:121,8,1,4
BRDA:142,9,0,0
BRDA:142,9,1,11
BRDA:142,10,0,11
BRDA:142,10,1,2
BRDA:147,11,0,11
BRDA:147,11,1,0
BRDA:148,12,0,2
BRDA:148,12,1,9
BRDA:157,13,0,6
BRDA:172,14,0,0
BRDA:172,14,1,7
BRDA:181,15,0,1
BRDA:181,15,1,6
BRDA:181,16,0,7
BRDA:181,16,1,1
BRDA:187,17,0,0
BRDA:187,17,1,1
BRDA:188,18,0,0
BRDA:188,18,1,1
BRDA:193,19,0,0
BRDA:193,19,1,0
BRDA:204,20,0,0
BRDA:204,20,1,2
BRDA:211,21,0,1
BRDA:211,21,1,7
BRDA:214,22,0,1
BRDA:214,22,1,0
BRDA:221,23,0,1
BRDA:221,23,1,6
BRDA:221,24,0,7
BRDA:221,24,1,1
BRDA:226,25,0,6
BRDA:226,25,1,1
BRDA:226,26,0,7
BRDA:226,26,1,1
BRDA:251,27,0,1
BRDA:251,27,1,5
BRDA:257,28,0,5
BRDA:257,28,1,0
BRDA:258,29,0,0
BRDA:258,29,1,5
BRDA:263,30,0,2
BRDA:263,30,1,3
BRDA:269,31,0,1
BRDA:269,31,1,2
BRDA:279,32,0,2
BRDA:279,32,1,0
BRDA:279,33,0,2
BRDA:279,33,1,0
BRDA:294,34,0,5
BRDA:294,34,1,0
BRDA:315,35,0,0
BRDA:315,35,1,0
BRDA:315,36,0,0
BRDA:315,36,1,0
BRDA:320,37,0,0
BRDA:320,37,1,0
BRDA:352,38,0,0
BRDA:352,38,1,0
BRDA:354,39,0,0
BRDA:354,39,1,0
BRDA:389,40,0,1
BRDA:389,40,1,1
BRDA:407,41,0,0
BRDA:407,41,1,1
BRDA:423,42,0,0
BRDA:423,42,1,0
BRDA:447,43,0,1
BRDA:447,43,1,3
BRDA:459,44,0,0
BRDA:459,44,1,2
BRDA:459,45,0,2
BRDA:459,45,1,2
BRDA:472,46,0,2
BRDA:472,46,1,0
BRDA:479,47,0,2
BRDA:479,47,1,0
BRDA:481,48,0,2
BRDA:481,48,1,0
BRDA:499,49,0,2
BRDA:499,49,1,2
BRDA:511,50,0,1
BRDA:511,50,1,0
BRDA:516,51,0,0
BRDA:516,51,1,0
BRDA:521,52,0,0
BRDA:521,52,1,1
BRDA:524,53,0,0
BRDA:524,53,1,0
BRDA:546,54,0,0
BRDA:546,54,1,0
BRDA:552,55,0,0
BRDA:552,55,1,0
BRDA:575,56,0,0
BRDA:585,57,0,0
BRDA:585,57,1,2
BRDA:586,58,0,0
BRDA:586,58,1,0
BRF:114
BRH:61
end_of_record
